<?xml version="1.0" encoding="UTF-8"?>
<testsuite name="com.example.SOPSbackend.SopsBackendApplicationTests" tests="1" skipped="0" failures="0" errors="0" timestamp="2022-03-07T23:12:17" hostname="idrac-esx2.net.ds.pw.edu.pl" time="0.5">
  <properties/>
  <testcase name="contextLoads()" classname="com.example.SOPSbackend.SopsBackendApplicationTests" time="0.5"/>
  <system-out><![CDATA[00:12:13.951 [Test worker] DEBUG org.springframework.test.context.BootstrapUtils - Instantiating CacheAwareContextLoaderDelegate from class [org.springframework.test.context.cache.DefaultCacheAwareContextLoaderDelegate]
00:12:13.964 [Test worker] DEBUG org.springframework.test.context.BootstrapUtils - Instantiating BootstrapContext using constructor [public org.springframework.test.context.support.DefaultBootstrapContext(java.lang.Class,org.springframework.test.context.CacheAwareContextLoaderDelegate)]
00:12:14.030 [Test worker] DEBUG org.springframework.test.context.BootstrapUtils - Instantiating TestContextBootstrapper for test class [com.example.SOPSbackend.SopsBackendApplicationTests] from class [org.springframework.boot.test.context.SpringBootTestContextBootstrapper]
00:12:14.045 [Test worker] INFO org.springframework.boot.test.context.SpringBootTestContextBootstrapper - Neither @ContextConfiguration nor @ContextHierarchy found for test class [com.example.SOPSbackend.SopsBackendApplicationTests], using SpringBootContextLoader
00:12:14.049 [Test worker] DEBUG org.springframework.test.context.support.AbstractContextLoader - Did not detect default resource location for test class [com.example.SOPSbackend.SopsBackendApplicationTests]: class path resource [com/example/SOPSbackend/SopsBackendApplicationTests-context.xml] does not exist
00:12:14.050 [Test worker] DEBUG org.springframework.test.context.support.AbstractContextLoader - Did not detect default resource location for test class [com.example.SOPSbackend.SopsBackendApplicationTests]: class path resource [com/example/SOPSbackend/SopsBackendApplicationTestsContext.groovy] does not exist
00:12:14.050 [Test worker] INFO org.springframework.test.context.support.AbstractContextLoader - Could not detect default resource locations for test class [com.example.SOPSbackend.SopsBackendApplicationTests]: no resource found for suffixes {-context.xml, Context.groovy}.
00:12:14.051 [Test worker] INFO org.springframework.test.context.support.AnnotationConfigContextLoaderUtils - Could not detect default configuration classes for test class [com.example.SOPSbackend.SopsBackendApplicationTests]: SopsBackendApplicationTests does not declare any static, non-private, non-final, nested classes annotated with @Configuration.
00:12:14.123 [Test worker] DEBUG org.springframework.test.context.support.ActiveProfilesUtils - Could not find an 'annotation declaring class' for annotation type [org.springframework.test.context.ActiveProfiles] and class [com.example.SOPSbackend.SopsBackendApplicationTests]
00:12:14.251 [Test worker] DEBUG org.springframework.context.annotation.ClassPathScanningCandidateComponentProvider - Identified candidate component class: file [/Users/Filip/Library/Mobile Documents/com~apple~CloudDocs/Kod/IO2-kod/SOPS-backend/build/classes/java/main/com/example/SOPSbackend/SopsBackendApplication.class]
00:12:14.254 [Test worker] INFO org.springframework.boot.test.context.SpringBootTestContextBootstrapper - Found @SpringBootConfiguration com.example.SOPSbackend.SopsBackendApplication for test class com.example.SOPSbackend.SopsBackendApplicationTests
00:12:14.361 [Test worker] DEBUG org.springframework.boot.test.context.SpringBootTestContextBootstrapper - @TestExecutionListeners is not present for class [com.example.SOPSbackend.SopsBackendApplicationTests]: using defaults.
00:12:14.362 [Test worker] INFO org.springframework.boot.test.context.SpringBootTestContextBootstrapper - Loaded default TestExecutionListener class names from location [META-INF/spring.factories]: [org.springframework.boot.test.autoconfigure.restdocs.RestDocsTestExecutionListener, org.springframework.boot.test.autoconfigure.web.client.MockRestServiceServerResetTestExecutionListener, org.springframework.boot.test.autoconfigure.web.servlet.MockMvcPrintOnlyOnFailureTestExecutionListener, org.springframework.boot.test.autoconfigure.web.servlet.WebDriverTestExecutionListener, org.springframework.boot.test.autoconfigure.webservices.client.MockWebServiceServerTestExecutionListener, org.springframework.boot.test.mock.mockito.MockitoTestExecutionListener, org.springframework.boot.test.mock.mockito.ResetMocksTestExecutionListener, org.springframework.test.context.web.ServletTestExecutionListener, org.springframework.test.context.support.DirtiesContextBeforeModesTestExecutionListener, org.springframework.test.context.event.ApplicationEventsTestExecutionListener, org.springframework.test.context.support.DependencyInjectionTestExecutionListener, org.springframework.test.context.support.DirtiesContextTestExecutionListener, org.springframework.test.context.transaction.TransactionalTestExecutionListener, org.springframework.test.context.jdbc.SqlScriptsTestExecutionListener, org.springframework.test.context.event.EventPublishingTestExecutionListener]
00:12:14.374 [Test worker] DEBUG org.springframework.boot.test.context.SpringBootTestContextBootstrapper - Skipping candidate TestExecutionListener [org.springframework.test.context.transaction.TransactionalTestExecutionListener] due to a missing dependency. Specify custom listener classes or make the default listener classes and their required dependencies available. Offending class: [org/springframework/transaction/interceptor/TransactionAttributeSource]
00:12:14.375 [Test worker] DEBUG org.springframework.boot.test.context.SpringBootTestContextBootstrapper - Skipping candidate TestExecutionListener [org.springframework.test.context.jdbc.SqlScriptsTestExecutionListener] due to a missing dependency. Specify custom listener classes or make the default listener classes and their required dependencies available. Offending class: [org/springframework/transaction/interceptor/TransactionAttribute]
00:12:14.375 [Test worker] INFO org.springframework.boot.test.context.SpringBootTestContextBootstrapper - Using TestExecutionListeners: [org.springframework.test.context.web.ServletTestExecutionListener@15cafec7, org.springframework.test.context.support.DirtiesContextBeforeModesTestExecutionListener@5b444398, org.springframework.test.context.event.ApplicationEventsTestExecutionListener@cb191ca, org.springframework.boot.test.mock.mockito.MockitoTestExecutionListener@42f48531, org.springframework.boot.test.autoconfigure.SpringBootDependencyInjectionTestExecutionListener@a776e, org.springframework.test.context.support.DirtiesContextTestExecutionListener@792bbc74, org.springframework.test.context.event.EventPublishingTestExecutionListener@79145d5a, org.springframework.boot.test.autoconfigure.restdocs.RestDocsTestExecutionListener@1f2f9244, org.springframework.boot.test.autoconfigure.web.client.MockRestServiceServerResetTestExecutionListener@4c4d27c8, org.springframework.boot.test.autoconfigure.web.servlet.MockMvcPrintOnlyOnFailureTestExecutionListener@6821ea29, org.springframework.boot.test.autoconfigure.web.servlet.WebDriverTestExecutionListener@338494fa, org.springframework.boot.test.autoconfigure.webservices.client.MockWebServiceServerTestExecutionListener@505a9d7c, org.springframework.boot.test.mock.mockito.ResetMocksTestExecutionListener@758c83d8]
00:12:14.378 [Test worker] DEBUG org.springframework.test.context.support.AbstractDirtiesContextTestExecutionListener - Before test class: context [DefaultTestContext@40c80397 testClass = SopsBackendApplicationTests, testInstance = [null], testMethod = [null], testException = [null], mergedContextConfiguration = [WebMergedContextConfiguration@4b672daa testClass = SopsBackendApplicationTests, locations = '{}', classes = '{class com.example.SOPSbackend.SopsBackendApplication}', contextInitializerClasses = '[]', activeProfiles = '{}', propertySourceLocations = '{}', propertySourceProperties = '{org.springframework.boot.test.context.SpringBootTestContextBootstrapper=true}', contextCustomizers = set[org.springframework.boot.test.autoconfigure.actuate.metrics.MetricsExportContextCustomizerFactory$DisableMetricExportContextCustomizer@225129c, org.springframework.boot.test.autoconfigure.properties.PropertyMappingContextCustomizer@0, org.springframework.boot.test.autoconfigure.web.servlet.WebDriverContextCustomizerFactory$Customizer@20c0a64d, org.springframework.boot.test.context.filter.ExcludeFilterContextCustomizer@41ab013, org.springframework.boot.test.json.DuplicateJsonObjectContextCustomizerFactory$DuplicateJsonObjectContextCustomizer@82ea68c, org.springframework.boot.test.mock.mockito.MockitoContextCustomizer@0, org.springframework.boot.test.web.client.TestRestTemplateContextCustomizer@babafc2, org.springframework.boot.test.context.SpringBootTestArgs@1, org.springframework.boot.test.context.SpringBootTestWebEnvironment@23348b5d], resourceBasePath = 'src/main/webapp', contextLoader = 'org.springframework.boot.test.context.SpringBootContextLoader', parent = [null]], attributes = map['org.springframework.test.context.web.ServletTestExecutionListener.activateListener' -> true]], class annotated with @DirtiesContext [false] with mode [null].

  .   ____          _            __ _ _
 /\\ / ___'_ __ _ _(_)_ __  __ _ \ \ \ \
( ( )\___ | '_ | '_| | '_ \/ _` | \ \ \ \
 \\/  ___)| |_)| | | | | || (_| |  ) ) ) )
  '  |____| .__|_| |_|_| |_\__, | / / / /
 =========|_|==============|___/=/_/_/_/
 :: Spring Boot ::                (v2.6.4)

2022-03-08 00:12:14.894  INFO 34327 --- [    Test worker] c.e.S.SopsBackendApplicationTests        : Starting SopsBackendApplicationTests using Java 17.0.1 on idrac-esx2.net.ds.pw.edu.pl with PID 34327 (started by Filip in /Users/Filip/Library/Mobile Documents/com~apple~CloudDocs/Kod/IO2-kod/SOPS-backend)
2022-03-08 00:12:14.904  INFO 34327 --- [    Test worker] c.e.S.SopsBackendApplicationTests        : No active profile set, falling back to 1 default profile: "default"
2022-03-08 00:12:17.642  INFO 34327 --- [    Test worker] c.e.S.SopsBackendApplicationTests        : Started SopsBackendApplicationTests in 3.199 seconds (JVM running for 4.864)
]]></system-out>
  <system-err><![CDATA[]]></system-err>
</testsuite>
